C51 COMPILER V9.01   定时器                                                                07/07/2012 12:14:21 PAGE 1   


C51 COMPILER V9.01, COMPILATION OF MODULE 定时器
OBJECT MODULE PLACED IN 定时器.OBJ
COMPILER INVOKED BY: D:\Keil_51\C51\BIN\C51.EXE 定时器.c BROWSE DEBUG OBJECTEXTEND

line level    source

   1          #include <reg52.h>
   2          #include <intrins.h>
   3          
   4          #define uint  unsigned int
   5          #define uchar unsigned char
   6          
   7          uchar nums [] = "0123456789";
   8          uchar num = 0;
   9          uchar count = 0;
  10          
  11          //-------------1602部分------------------------------------------------------------------------
  12          sbit lcdenable = P1^0;
  13          sbit lcdRS = P1^2;
  14          sbit lcdRW = P1^1;
  15          
  16          
  17          void delay(uint i) { //实现了0.001秒的延时
  18   1              
  19   1              uint x,j;
  20   1              
  21   1              for(j=0;j<i;j++) {
  22   2                      for(x=0;x<=148;x++) {
  23   3                      }       
  24   2              }
  25   1      }
  26          
  27          void writeCommand(uchar c) {
  28   1              //RS = L为写指令状态,RS = H 为写数据状态
  29   1              lcdRS = 0;       //设置液晶为写命令状态
  30   1              lcdRW = 0;      //设置为写状态
  31   1              P0 = c; //送数据
  32   1              delay(5);  //按照手册,延时一会儿
  33   1              //给一个高脉冲,让数据有效的被读走
  34   1              lcdenable = 1; 
  35   1              delay(5);
  36   1              lcdenable = 0;
  37   1              P0 = 0xff;//关灯                                                                
  38   1      }
  39          
  40          void writeData(uchar d,uchar position) {
  41   1              //RS = L为写指令状态,RS = H 为写数据状态
  42   1              if(position != -1) //如果没有postion == -1,说明没有设置位置.我没就接着上一次的地址写
  43   1                      writeCommand(0x80 + position);  
  44   1              lcdRS = 1;       //设置液晶为写数据状态
  45   1              lcdRW = 0;      //设置为写状态
  46   1              P0 = d; //送数据
  47   1              delay(5);  //按照手册,延时一会儿
  48   1              //给一个高脉冲,让数据有效的被读走
  49   1              lcdenable = 1; 
  50   1              delay(5);
  51   1              lcdenable = 0;
  52   1              P0 = 0xff;//关灯
  53   1      }
  54          
  55          void init() {
C51 COMPILER V9.01   定时器                                                                07/07/2012 12:14:21 PAGE 2   

  56   1              //初始化总的环境                           
  57   1              lcdenable = 0;//是液晶能接收信号
  58   1              writeCommand(0x38);//设置16x02显示,8位数据口
  59   1              writeCommand(0x01);//清楚当前显示的数据
  60   1              writeCommand(0x0c);//设置显示:开;光标:显示光标:开;闪烁:开
  61   1              writeCommand(0x06);//读写一个字符地址:自动加一;自动滚屏:否  
  62   1              writeCommand(0x80);//设置地址为第一个字符处
  63   1      }
  64          
  65          void main()      {      
  66   1              /*
  67   1              0001 GATE=0 ,C/T=0,M0M1=01,
  68   1              GATE＝0时，只要用软件使TCON中的TR0或TR1为1，就可以启动定时/计数器工作
  69   1              C/T＝0为定时模式
  70   1              M0M1=01时,表示工作方式为16位定时/计数器
  71   1                      */
  72   1              TMOD = 0x01;//这个等效于GATE=0 ,C/T=0,M0M1=01
  73   1              TH0=(65536-50000)/256;//计数器装初值
  74   1              TL0=(65536-50000)%256;
  75   1              EA=1;//打开中断总开关
  76   1              ET0=1;//打开定时器中断
  77   1              TR0=1;//第一个计时器开始计时
  78   1      
  79   1              init();
  80   1      
  81   1              while(1) {
  82   2                      //不停的显示
  83   2                      writeData(nums[num],0);
  84   2                      delay(10);
  85   2              }
  86   1      
  87   1      }
  88          
  89          void increase () {
  90   1              count ++;
  91   1              if(count >= 20)  {
  92   2                      num++;
  93   2                      count = 0;
  94   2                      if(num > 9)
  95   2                              num = 0;
  96   2              }
  97   1                      
  98   1      }
  99          
 100          //内部中断0中断处理函数
 101          void test1() interrupt 1 {
 102   1              //重装初值
 103   1              TH0=(65536-50000)/256;
 104   1              TL0=(65536-50000)%256;
 105   1              increase();
 106   1      }
 107          


MODULE INFORMATION:   STATIC OVERLAYABLE
   CODE SIZE        =    193    ----
   CONSTANT SIZE    =   ----    ----
   XDATA SIZE       =   ----    ----
   PDATA SIZE       =   ----    ----
   DATA SIZE        =     13    ----
   IDATA SIZE       =   ----    ----
   BIT SIZE         =   ----    ----
C51 COMPILER V9.01   定时器                                                                07/07/2012 12:14:21 PAGE 3   

END OF MODULE INFORMATION.


C51 COMPILATION COMPLETE.  0 WARNING(S),  0 ERROR(S)
