C51 COMPILER V9.01   _试__器                                                            05/09/2012 21:15:06 PAGE 1   


C51 COMPILER V9.01, COMPILATION OF MODULE _试__器
OBJECT MODULE PLACED IN 测试蜂鸣器.OBJ
COMPILER INVOKED BY: F:\大学\电路\soft\Keil\C51\BIN\C51.EXE 测试蜂鸣器.c BROWSE DEBUG OBJECTEXTEND

line level    source

   1          #include <reg52.h>
   2          
   3          sbit buzz = P2^3;
   4          
   5          void delay (unsigned int time)  {//实现了0.01秒的延时
   6   1      
   7   1              unsigned int i,j;
   8   1      
   9   1               for(i = 0; i < time; i++) {
  10   2                      for(j = 0; j < 1872; j++) {
  11   3                      }
  12   2               } 
  13   1      
  14   1      }
  15          
  16          void main() {
  17   1              while(1) {
  18   2                      buzz = !buzz;
  19   2                      delay(30);              
  20   2              }
  21   1      }


MODULE INFORMATION:   STATIC OVERLAYABLE
   CODE SIZE        =     43    ----
   CONSTANT SIZE    =   ----    ----
   XDATA SIZE       =   ----    ----
   PDATA SIZE       =   ----    ----
   DATA SIZE        =   ----    ----
   IDATA SIZE       =   ----    ----
   BIT SIZE         =   ----    ----
END OF MODULE INFORMATION.


C51 COMPILATION COMPLETE.  0 WARNING(S),  0 ERROR(S)
