C51 COMPILER V9.01   MAIN                                                                  06/02/2014 14:44:48 PAGE 1   


C51 COMPILER V9.01, COMPILATION OF MODULE MAIN
OBJECT MODULE PLACED IN main.OBJ
COMPILER INVOKED BY: E:\Keil\C51\BIN\C51.EXE main.c BROWSE DEBUG OBJECTEXTEND

line level    source

   1          #include "led.h"
   2          
   3          
   4          void delay(unsigned int i) { //实现了0.001秒的延时
   5   1              
   6   1              unsigned int x,j;
   7   1              
   8   1              for(j=0;j<i;j++) {
   9   2                      for(x=0;x<=148;x++) {
  10   3                      }       
  11   2              }
  12   1      }
  13          
  14          void main() {
  15   1              turnOn(LED0);
  16   1              turnOn(LED1);
  17   1              delay(500);
  18   1              turnOff(LED0);
  19   1              while(1) {
  20   2                      delay(500);
  21   2                      toggle(LED0);
  22   2              }
  23   1      }


MODULE INFORMATION:   STATIC OVERLAYABLE
   CODE SIZE        =     68    ----
   CONSTANT SIZE    =   ----    ----
   XDATA SIZE       =   ----    ----
   PDATA SIZE       =   ----    ----
   DATA SIZE        =   ----    ----
   IDATA SIZE       =   ----    ----
   BIT SIZE         =   ----    ----
END OF MODULE INFORMATION.


C51 COMPILATION COMPLETE.  0 WARNING(S),  0 ERROR(S)
