C51 COMPILER V9.01   单片_与PC通信                                                        03/09/2013 20:18:28 PAGE 1   


C51 COMPILER V9.01, COMPILATION OF MODULE 单片_与PC通信
OBJECT MODULE PLACED IN 单片机与PC通信.OBJ
COMPILER INVOKED BY: D:\keil\C51\BIN\C51.EXE 单片机与PC通信.c BROWSE DEBUG OBJECTEXTEND

line level    source

   1          #include <reg52.h>
   2          
   3          void delay (unsigned int time)  {//实现了0.01秒的延时
   4   1      
   5   1              unsigned int i,j;
   6   1      
   7   1               for(i = 0; i < time; i++) {
   8   2                      for(j = 0; j < 1872; j++) {
   9   3                      }
  10   2               } 
  11   1      
  12   1      }
  13          
  14          void init() {//串口初始化函数
  15   1              //初始化串口通信,波特率9600
  16   1              //设置串口工作方式为工作方式1,8位异步收发,波特率可变
  17   1              SM0=0;
  18   1              SM1=1;
  19   1              TMOD=0x20;//设置定时器1为工作方式2(两个8位的。。。。)
  20   1              //给两个寄存器装初值,这个可以根据要设置的波特率来计算。。。。 公式查文档
  21   1              TH1=0xfd;
  22   1              TL1=0xfd;
  23   1              //打开定时器
  24   1              TR1=1;//打开定时器1
  25   1              REN=1;//串口通信允许位
  26   1              
  27   1              //开串口中断
  28   1              EA=1; //开总中断
  29   1              ES=1; //打开串口中断,ES(IE.4) 串行口中断允许位
  30   1      }
  31          
  32          void sendData(unsigned char d) {
  33   1              ES = 0;         //关闭串口中断,防止在写数据时触发中断
  34   1              SBUF = d; //数据赋值给缓冲区,等待发送
  35   1              while(!TI);      //判断标志位TI,等待发送结束后继续执行
  36   1              TI = 0;          //标志位清零
  37   1              ES = 1;          //打开串口中断
  38   1      }
  39          
  40          void main() {
  41   1              unsigned char num = 0;
  42   1              //默认串口通讯是不工作的
  43   1              init();
  44   1              while(1) {
  45   2                      sendData(num);          
  46   2                      delay(100);
  47   2                      num ++;         
  48   2              }
  49   1      }
  50          
  51          void handler() interrupt 4 {
  52   1              unsigned char temp;
  53   1              //中断种类一个5个
  54   1              /*其中RI必须由软件清零才能被单片机在接收到下一个信息时再次被置位*/
  55   1              ES = 0;         //关闭串口中断,防止在写数据时触发中断
C51 COMPILER V9.01   单片_与PC通信                                                        03/09/2013 20:18:28 PAGE 2   

  56   1              temp = SBUF;
  57   1              SBUF = temp; //数据赋值给缓冲区,等待发送
  58   1              while(!TI);      //判断标志位TI,等待发送结束后继续执行
  59   1              TI = 0;          //标志位清零
  60   1              ES = 1;          //打开串口中断
  61   1              RI = 0;
  62   1      }                                                                                                         


MODULE INFORMATION:   STATIC OVERLAYABLE
   CODE SIZE        =    113    ----
   CONSTANT SIZE    =   ----    ----
   XDATA SIZE       =   ----    ----
   PDATA SIZE       =   ----    ----
   DATA SIZE        =   ----    ----
   IDATA SIZE       =   ----    ----
   BIT SIZE         =   ----    ----
END OF MODULE INFORMATION.


C51 COMPILATION COMPLETE.  0 WARNING(S),  0 ERROR(S)
