C51 COMPILER V9.01   点亮全部灯                                                            12/17/2011 11:16:15 PAGE 1   


C51 COMPILER V9.01, COMPILATION OF MODULE 点亮全部灯
OBJECT MODULE PLACED IN 点亮全部灯.OBJ
COMPILER INVOKED BY: D:\Keil\C51\BIN\C51.EXE 点亮全部灯.c BROWSE DEBUG OBJECTEXTEND

line level    source

   1          #include <reg52.h>
   2          
   3          void main() {
   4   1              P0 = 0;
   5   1              while(1);
   6   1      }


MODULE INFORMATION:   STATIC OVERLAYABLE
   CODE SIZE        =      5    ----
   CONSTANT SIZE    =   ----    ----
   XDATA SIZE       =   ----    ----
   PDATA SIZE       =   ----    ----
   DATA SIZE        =   ----    ----
   IDATA SIZE       =   ----    ----
   BIT SIZE         =   ----    ----
END OF MODULE INFORMATION.


C51 COMPILATION COMPLETE.  0 WARNING(S),  0 ERROR(S)
