C51 COMPILER V9.01   流水灯                                                                12/17/2011 12:59:20 PAGE 1   


C51 COMPILER V9.01, COMPILATION OF MODULE 流水灯
OBJECT MODULE PLACED IN 流水灯.OBJ
COMPILER INVOKED BY: D:\Keil\C51\BIN\C51.EXE 流水灯.c BROWSE DEBUG OBJECTEXTEND

line level    source

   1          #include <reg52.h>
   2          #include <intrins.h>
   3          
   4          #define uchar unsigned char
   5          
   6          uchar i;
   7          
   8          void delay (unsigned int time)  {//实现了0.01秒的延时
   9   1      
  10   1              unsigned int i,j;
  11   1      
  12   1               for(i = 0; i < time; i++) {
  13   2                      for(j = 0; j < 1872; j++) {
  14   3                      }
  15   2               } 
  16   1      
  17   1      }
  18          
  19          
  20          void main() {
  21   1              P0 = 0xfe;
  22   1              while(1) {
  23   2                      if(i < 8) {
  24   3                              P0 = _crol_(P0,1);
  25   3                              delay(10);
  26   3                              i++;
  27   3                      } else if(i < 16) {
  28   3                              P0 = _crol_(P0,1);
  29   3                              delay(25);      
  30   3                              i++;
  31   3                      } else{
  32   3                              P0 = _crol_(P0,1);
  33   3                              delay(50);
  34   3                              i++;
  35   3                      }
  36   2                      if(i >= 24) {
  37   3                              i = 0;
  38   3                      }
  39   2              }
  40   1      
  41   1      }


MODULE INFORMATION:   STATIC OVERLAYABLE
   CODE SIZE        =    117    ----
   CONSTANT SIZE    =   ----    ----
   XDATA SIZE       =   ----    ----
   PDATA SIZE       =   ----    ----
   DATA SIZE        =      1    ----
   IDATA SIZE       =   ----    ----
   BIT SIZE         =   ----    ----
END OF MODULE INFORMATION.


C51 COMPILATION COMPLETE.  0 WARNING(S),  0 ERROR(S)
