C51 COMPILER V9.01   KEY                                                                   05/26/2012 19:27:58 PAGE 1   


C51 COMPILER V9.01, COMPILATION OF MODULE KEY
OBJECT MODULE PLACED IN key.OBJ
COMPILER INVOKED BY: F:\大学\电路\soft\Keil\C51\BIN\C51.EXE key.c BROWSE DEBUG OBJECTEXTEND

line level    source

   1          #ifndef __KEY_H__
   2          #define __KEY_H__
   3          
   4          #include "key.h"
   5          
   6          void Delay(unsigned int i) { //实现了0.001秒的延时
   7   1      
   8   1              unsigned char x,j;
   9   1      
  10   1              for(j = 0; j < i; j ++) {
  11   2                      for(x = 0; x <= 148; x ++) {
  12   3                      }       
  13   2              }
  14   1      }
  15          
  16          u8 scanKey() {
  17   1              if(!key1 || !key2 || !key3) {
  18   2                      Delay(10);
  19   2                      if(!key1 || !key2 || !key3) {
  20   3                              Delay(10);
  21   3                              if(key1 == 0) {
  22   4                                      while(!key1);   
  23   4                                      return 1;
  24   4                              }else if(key2 == 0) {
  25   4                                      while(!key2);
  26   4                                      return 2;
  27   4                              }else if(key3 == 0) {
  28   4                                      while(!key3);
  29   4                                      return 3;
  30   4                              }
  31   3                      }
  32   2              }
  33   1              return 0;
  34   1      }
  35          #endif


MODULE INFORMATION:   STATIC OVERLAYABLE
   CODE SIZE        =     84    ----
   CONSTANT SIZE    =   ----    ----
   XDATA SIZE       =   ----    ----
   PDATA SIZE       =   ----    ----
   DATA SIZE        =   ----    ----
   IDATA SIZE       =   ----    ----
   BIT SIZE         =   ----    ----
END OF MODULE INFORMATION.


C51 COMPILATION COMPLETE.  0 WARNING(S),  0 ERROR(S)
